<?xml version="1.0" encoding="UTF-8"?>
<testng-results ignored="0" total="1" passed="1" failed="0" skipped="0">
  <reporter-output>
  </reporter-output>
  <suite started-at="2024-11-05T12:01:59 IST" name="Default suite" finished-at="2024-11-05T12:01:59 IST" duration-ms="45">
    <groups>
    </groups>
    <test started-at="2024-11-05T12:01:59 IST" name="Default test" finished-at="2024-11-05T12:01:59 IST" duration-ms="45">
      <class name="A.whileLoop">
        <test-method signature="m2()[pri:0, instance:A.whileLoop@1151e434]" started-at="2024-11-05T12:01:59 IST" name="m2" finished-at="2024-11-05T12:01:59 IST" duration-ms="6" status="PASS">
          <reporter-output>
          </reporter-output>
        </test-method> <!-- m2 -->
      </class> <!-- A.whileLoop -->
    </test> <!-- Default test -->
  </suite> <!-- Default suite -->
</testng-results>
